{"total": {"lines":{"total":626,"covered":496,"skipped":0,"pct":79.23},"statements":{"total":629,"covered":497,"skipped":0,"pct":79.01},"functions":{"total":118,"covered":89,"skipped":0,"pct":75.42},"branches":{"total":274,"covered":147,"skipped":0,"pct":53.64},"branchesTrue":{"total":0,"covered":0,"skipped":0,"pct":100}}
,"E:\\mini-write\\api\\src\\index.js": {"lines":{"total":47,"covered":31,"skipped":0,"pct":65.95},"functions":{"total":5,"covered":2,"skipped":0,"pct":40},"statements":{"total":47,"covered":31,"skipped":0,"pct":65.95},"branches":{"total":6,"covered":2,"skipped":0,"pct":33.33}}
,"E:\\mini-write\\api\\src\\config\\db.js": {"lines":{"total":6,"covered":4,"skipped":0,"pct":66.66},"functions":{"total":1,"covered":0,"skipped":0,"pct":0},"statements":{"total":6,"covered":4,"skipped":0,"pct":66.66},"branches":{"total":0,"covered":0,"skipped":0,"pct":100}}
,"E:\\mini-write\\api\\src\\config\\redis.js": {"lines":{"total":9,"covered":6,"skipped":0,"pct":66.66},"functions":{"total":3,"covered":0,"skipped":0,"pct":0},"statements":{"total":9,"covered":6,"skipped":0,"pct":66.66},"branches":{"total":4,"covered":4,"skipped":0,"pct":100}}
,"E:\\mini-write\\api\\src\\config\\storage.js": {"lines":{"total":3,"covered":3,"skipped":0,"pct":100},"functions":{"total":0,"covered":0,"skipped":0,"pct":100},"statements":{"total":3,"covered":3,"skipped":0,"pct":100},"branches":{"total":0,"covered":0,"skipped":0,"pct":100}}
,"E:\\mini-write\\api\\src\\controllers\\authController.js": {"lines":{"total":70,"covered":61,"skipped":0,"pct":87.14},"functions":{"total":9,"covered":9,"skipped":0,"pct":100},"statements":{"total":70,"covered":61,"skipped":0,"pct":87.14},"branches":{"total":14,"covered":10,"skipped":0,"pct":71.42}}
,"E:\\mini-write\\api\\src\\health\\healthService.js": {"lines":{"total":23,"covered":20,"skipped":0,"pct":86.95},"functions":{"total":4,"covered":4,"skipped":0,"pct":100},"statements":{"total":23,"covered":20,"skipped":0,"pct":86.95},"branches":{"total":5,"covered":3,"skipped":0,"pct":60}}
,"E:\\mini-write\\api\\src\\middleware\\authMiddleware.js": {"lines":{"total":11,"covered":11,"skipped":0,"pct":100},"functions":{"total":1,"covered":1,"skipped":0,"pct":100},"statements":{"total":11,"covered":11,"skipped":0,"pct":100},"branches":{"total":4,"covered":4,"skipped":0,"pct":100}}
,"E:\\mini-write\\api\\src\\middleware\\uploadMiddleware.js": {"lines":{"total":8,"covered":7,"skipped":0,"pct":87.5},"functions":{"total":1,"covered":1,"skipped":0,"pct":100},"statements":{"total":8,"covered":7,"skipped":0,"pct":87.5},"branches":{"total":4,"covered":2,"skipped":0,"pct":50}}
,"E:\\mini-write\\api\\src\\models\\userModel.js": {"lines":{"total":11,"covered":3,"skipped":0,"pct":27.27},"functions":{"total":1,"covered":0,"skipped":0,"pct":0},"statements":{"total":11,"covered":3,"skipped":0,"pct":27.27},"branches":{"total":0,"covered":0,"skipped":0,"pct":100}}
,"E:\\mini-write\\api\\src\\observability\\businessMetrics.js": {"lines":{"total":8,"covered":8,"skipped":0,"pct":100},"functions":{"total":2,"covered":2,"skipped":0,"pct":100},"statements":{"total":8,"covered":8,"skipped":0,"pct":100},"branches":{"total":8,"covered":7,"skipped":0,"pct":87.5}}
,"E:\\mini-write\\api\\src\\observability\\events.js": {"lines":{"total":2,"covered":2,"skipped":0,"pct":100},"functions":{"total":0,"covered":0,"skipped":0,"pct":100},"statements":{"total":2,"covered":2,"skipped":0,"pct":100},"branches":{"total":0,"covered":0,"skipped":0,"pct":100}}
,"E:\\mini-write\\api\\src\\observability\\logContext.js": {"lines":{"total":4,"covered":2,"skipped":0,"pct":50},"functions":{"total":3,"covered":1,"skipped":0,"pct":33.33},"statements":{"total":4,"covered":2,"skipped":0,"pct":50},"branches":{"total":11,"covered":3,"skipped":0,"pct":27.27}}
,"E:\\mini-write\\api\\src\\observability\\logger.js": {"lines":{"total":8,"covered":8,"skipped":0,"pct":100},"functions":{"total":4,"covered":4,"skipped":0,"pct":100},"statements":{"total":8,"covered":8,"skipped":0,"pct":100},"branches":{"total":2,"covered":1,"skipped":0,"pct":50}}
,"E:\\mini-write\\api\\src\\observability\\metrics.js": {"lines":{"total":12,"covered":12,"skipped":0,"pct":100},"functions":{"total":0,"covered":0,"skipped":0,"pct":100},"statements":{"total":12,"covered":12,"skipped":0,"pct":100},"branches":{"total":0,"covered":0,"skipped":0,"pct":100}}
,"E:\\mini-write\\api\\src\\observability\\registry.js": {"lines":{"total":5,"covered":5,"skipped":0,"pct":100},"functions":{"total":0,"covered":0,"skipped":0,"pct":100},"statements":{"total":5,"covered":5,"skipped":0,"pct":100},"branches":{"total":8,"covered":6,"skipped":0,"pct":75}}
,"E:\\mini-write\\api\\src\\observability\\middleware\\metricsMiddleware.js": {"lines":{"total":26,"covered":24,"skipped":0,"pct":92.3},"functions":{"total":3,"covered":3,"skipped":0,"pct":100},"statements":{"total":29,"covered":25,"skipped":0,"pct":86.2},"branches":{"total":18,"covered":13,"skipped":0,"pct":72.22}}
,"E:\\mini-write\\api\\src\\routes\\authRoutes.js": {"lines":{"total":13,"covered":13,"skipped":0,"pct":100},"functions":{"total":0,"covered":0,"skipped":0,"pct":100},"statements":{"total":13,"covered":13,"skipped":0,"pct":100},"branches":{"total":0,"covered":0,"skipped":0,"pct":100}}
,"E:\\mini-write\\api\\src\\runtime\\runtimeAccess.js": {"lines":{"total":7,"covered":5,"skipped":0,"pct":71.42},"functions":{"total":2,"covered":2,"skipped":0,"pct":100},"statements":{"total":7,"covered":5,"skipped":0,"pct":71.42},"branches":{"total":4,"covered":2,"skipped":0,"pct":50}}
,"E:\\mini-write\\api\\src\\runtime\\context\\executionContext.js": {"lines":{"total":96,"covered":76,"skipped":0,"pct":79.16},"functions":{"total":35,"covered":30,"skipped":0,"pct":85.71},"statements":{"total":96,"covered":76,"skipped":0,"pct":79.16},"branches":{"total":58,"covered":33,"skipped":0,"pct":56.89}}
,"E:\\mini-write\\api\\src\\runtime\\context\\operationContext.js": {"lines":{"total":13,"covered":7,"skipped":0,"pct":53.84},"functions":{"total":8,"covered":2,"skipped":0,"pct":25},"statements":{"total":13,"covered":7,"skipped":0,"pct":53.84},"branches":{"total":2,"covered":2,"skipped":0,"pct":100}}
,"E:\\mini-write\\api\\src\\runtime\\infrastructure\\dependencies.js": {"lines":{"total":2,"covered":2,"skipped":0,"pct":100},"functions":{"total":0,"covered":0,"skipped":0,"pct":100},"statements":{"total":2,"covered":2,"skipped":0,"pct":100},"branches":{"total":0,"covered":0,"skipped":0,"pct":100}}
,"E:\\mini-write\\api\\src\\runtime\\infrastructure\\infrastructureBoundary.js": {"lines":{"total":38,"covered":34,"skipped":0,"pct":89.47},"functions":{"total":4,"covered":4,"skipped":0,"pct":100},"statements":{"total":38,"covered":34,"skipped":0,"pct":89.47},"branches":{"total":19,"covered":12,"skipped":0,"pct":63.15}}
,"E:\\mini-write\\api\\src\\runtime\\metadata\\runtimeMetadata.js": {"lines":{"total":13,"covered":8,"skipped":0,"pct":61.53},"functions":{"total":8,"covered":3,"skipped":0,"pct":37.5},"statements":{"total":13,"covered":8,"skipped":0,"pct":61.53},"branches":{"total":2,"covered":1,"skipped":0,"pct":50}}
,"E:\\mini-write\\api\\src\\runtime\\middleware\\runtimeBootstrap.js": {"lines":{"total":16,"covered":16,"skipped":0,"pct":100},"functions":{"total":2,"covered":2,"skipped":0,"pct":100},"statements":{"total":16,"covered":16,"skipped":0,"pct":100},"branches":{"total":4,"covered":3,"skipped":0,"pct":75}}
,"E:\\mini-write\\api\\src\\runtime\\middleware\\runtimeFailureHandler.js": {"lines":{"total":20,"covered":5,"skipped":0,"pct":25},"functions":{"total":2,"covered":0,"skipped":0,"pct":0},"statements":{"total":20,"covered":5,"skipped":0,"pct":25},"branches":{"total":25,"covered":0,"skipped":0,"pct":0}}
,"E:\\mini-write\\api\\src\\runtime\\middleware\\runtimeGuard.js": {"lines":{"total":15,"covered":10,"skipped":0,"pct":66.66},"functions":{"total":1,"covered":1,"skipped":0,"pct":100},"statements":{"total":15,"covered":10,"skipped":0,"pct":66.66},"branches":{"total":10,"covered":5,"skipped":0,"pct":50}}
,"E:\\mini-write\\api\\src\\runtime\\middleware\\runtimeOperationResolution.js": {"lines":{"total":13,"covered":12,"skipped":0,"pct":92.3},"functions":{"total":2,"covered":2,"skipped":0,"pct":100},"statements":{"total":13,"covered":12,"skipped":0,"pct":92.3},"branches":{"total":2,"covered":1,"skipped":0,"pct":50}}
,"E:\\mini-write\\api\\src\\runtime\\middleware\\runtimeStateActivation.js": {"lines":{"total":11,"covered":8,"skipped":0,"pct":72.72},"functions":{"total":1,"covered":1,"skipped":0,"pct":100},"statements":{"total":11,"covered":8,"skipped":0,"pct":72.72},"branches":{"total":6,"covered":3,"skipped":0,"pct":50}}
,"E:\\mini-write\\api\\src\\runtime\\observability\\reliabilityMetrics.js": {"lines":{"total":8,"covered":8,"skipped":0,"pct":100},"functions":{"total":0,"covered":0,"skipped":0,"pct":100},"statements":{"total":8,"covered":8,"skipped":0,"pct":100},"branches":{"total":0,"covered":0,"skipped":0,"pct":100}}
,"E:\\mini-write\\api\\src\\runtime\\reliability\\failureClassifier.js": {"lines":{"total":16,"covered":9,"skipped":0,"pct":56.25},"functions":{"total":1,"covered":1,"skipped":0,"pct":100},"statements":{"total":16,"covered":9,"skipped":0,"pct":56.25},"branches":{"total":17,"covered":7,"skipped":0,"pct":41.17}}
,"E:\\mini-write\\api\\src\\runtime\\reliability\\policyResolver.js": {"lines":{"total":8,"covered":7,"skipped":0,"pct":87.5},"functions":{"total":1,"covered":1,"skipped":0,"pct":100},"statements":{"total":8,"covered":7,"skipped":0,"pct":87.5},"branches":{"total":4,"covered":2,"skipped":0,"pct":50}}
,"E:\\mini-write\\api\\src\\runtime\\reliability\\reliabilityPolicy.js": {"lines":{"total":7,"covered":5,"skipped":0,"pct":71.42},"functions":{"total":1,"covered":1,"skipped":0,"pct":100},"statements":{"total":7,"covered":5,"skipped":0,"pct":71.42},"branches":{"total":9,"covered":3,"skipped":0,"pct":33.33}}
,"E:\\mini-write\\api\\src\\runtime\\reliability\\retryExecutor.js": {"lines":{"total":37,"covered":36,"skipped":0,"pct":97.29},"functions":{"total":8,"covered":8,"skipped":0,"pct":100},"statements":{"total":37,"covered":36,"skipped":0,"pct":97.29},"branches":{"total":13,"covered":11,"skipped":0,"pct":84.61}}
,"E:\\mini-write\\api\\src\\runtime\\reliability\\runtimeErrors.js": {"lines":{"total":7,"covered":7,"skipped":0,"pct":100},"functions":{"total":1,"covered":1,"skipped":0,"pct":100},"statements":{"total":7,"covered":7,"skipped":0,"pct":100},"branches":{"total":7,"covered":3,"skipped":0,"pct":42.85}}
,"E:\\mini-write\\api\\src\\services\\queueService.js": {"lines":{"total":12,"covered":8,"skipped":0,"pct":66.66},"functions":{"total":1,"covered":1,"skipped":0,"pct":100},"statements":{"total":12,"covered":8,"skipped":0,"pct":66.66},"branches":{"total":4,"covered":2,"skipped":0,"pct":50}}
,"E:\\mini-write\\api\\src\\services\\storageService.js": {"lines":{"total":21,"covered":13,"skipped":0,"pct":61.9},"functions":{"total":3,"covered":2,"skipped":0,"pct":66.66},"statements":{"total":21,"covered":13,"skipped":0,"pct":61.9},"branches":{"total":4,"covered":2,"skipped":0,"pct":50}}
}
