TN:
SF:src\observability\events.js
FNF:0
FNH:0
DA:1,1
DA:107,1
LF:2
LH:2
BRF:0
BRH:0
end_of_record
TN:
SF:src\observability\logger.js
FN:6,writeLog
FN:24,info
FN:28,warn
FN:32,error
FNF:4
FNH:4
FNDA:6,writeLog
FNDA:3,info
FNDA:2,warn
FNDA:1,error
DA:1,1
DA:4,1
DA:7,6
DA:19,6
DA:25,3
DA:29,2
DA:33,1
DA:36,1
LF:8
LH:8
BRDA:4,0,0,1
BRDA:4,0,1,0
BRF:2
BRH:1
end_of_record
TN:
SF:src\observability\registry.js
FNF:0
FNH:0
DA:1,1
DA:3,1
DA:5,1
DA:15,1
DA:21,1
LF:5
LH:5
BRDA:10,0,0,1
BRDA:10,0,1,0
BRDA:11,1,0,1
BRDA:11,1,1,1
BRDA:17,2,0,1
BRDA:17,2,1,0
BRDA:18,3,0,1
BRDA:18,3,1,1
BRF:8
BRH:6
end_of_record
TN:
SF:src\runtime\runtimeAccess.js
FN:1,getRuntime
FN:15,hasRuntime
FNF:2
FNH:1
FNDA:2,getRuntime
FNDA:0,hasRuntime
DA:3,2
DA:4,0
DA:7,2
DA:8,0
DA:11,2
DA:17,0
DA:21,1
LF:7
LH:4
BRDA:3,0,0,0
BRDA:3,0,1,2
BRDA:7,1,0,0
BRDA:7,1,1,2
BRF:4
BRH:2
end_of_record
TN:
SF:src\runtime\context\executionContext.js
FN:28,generateId
FN:32,createExecutionContext
FN:94,validateOperationComponent
FN:143,attachLifecycle
FN:145,transition
FN:189,(anonymous_5)
FN:197,(anonymous_6)
FN:205,(anonymous_7)
FN:218,attachRuntimeInterface
FN:222,(anonymous_9)
FN:226,(anonymous_10)
FN:230,(anonymous_11)
FN:234,(anonymous_12)
FN:238,(anonymous_13)
FN:244,(anonymous_14)
FN:248,(anonymous_15)
FN:254,(anonymous_16)
FN:262,(anonymous_17)
FN:271,(anonymous_18)
FN:275,(anonymous_19)
FN:279,(anonymous_20)
FN:283,(anonymous_21)
FN:287,(anonymous_22)
FN:299,(anonymous_23)
FN:305,(anonymous_24)
FN:310,(anonymous_25)
FN:315,(anonymous_26)
FN:336,(anonymous_27)
FN:340,(anonymous_28)
FN:344,(anonymous_29)
FN:369,(anonymous_30)
FN:389,(anonymous_31)
FN:407,(anonymous_32)
FN:412,(anonymous_33)
FN:417,(anonymous_34)
FNF:35
FNH:26
FNDA:4,generateId
FNDA:2,createExecutionContext
FNDA:2,validateOperationComponent
FNDA:2,attachLifecycle
FNDA:4,transition
FNDA:2,(anonymous_5)
FNDA:2,(anonymous_6)
FNDA:0,(anonymous_7)
FNDA:2,attachRuntimeInterface
FNDA:12,(anonymous_9)
FNDA:0,(anonymous_10)
FNDA:8,(anonymous_11)
FNDA:2,(anonymous_12)
FNDA:4,(anonymous_13)
FNDA:0,(anonymous_14)
FNDA:5,(anonymous_15)
FNDA:2,(anonymous_16)
FNDA:2,(anonymous_17)
FNDA:3,(anonymous_18)
FNDA:0,(anonymous_19)
FNDA:3,(anonymous_20)
FNDA:0,(anonymous_21)
FNDA:1,(anonymous_22)
FNDA:4,(anonymous_23)
FNDA:2,(anonymous_24)
FNDA:1,(anonymous_25)
FNDA:1,(anonymous_26)
FNDA:0,(anonymous_27)
FNDA:0,(anonymous_28)
FNDA:2,(anonymous_29)
FNDA:2,(anonymous_30)
FNDA:2,(anonymous_31)
FNDA:0,(anonymous_32)
FNDA:0,(anonymous_33)
FNDA:2,(anonymous_34)
DA:1,1
DA:2,1
DA:4,1
DA:11,1
DA:29,4
DA:34,2
DA:83,2
DA:86,2
DA:88,2
DA:90,2
DA:96,2
DA:97,0
DA:102,2
DA:103,0
DA:108,2
DA:112,0
DA:117,2
DA:120,0
DA:125,2
DA:128,0
DA:133,2
DA:136,0
DA:148,4
DA:150,4
DA:152,0
DA:158,4
DA:160,4
DA:164,2
DA:167,2
DA:171,2
DA:174,2
DA:178,0
DA:181,0
DA:187,2
DA:191,2
DA:194,2
DA:199,2
DA:202,2
DA:207,0
DA:210,0
DA:220,2
DA:223,12
DA:227,0
DA:231,8
DA:235,2
DA:239,4
DA:245,0
DA:249,5
DA:255,2
DA:263,2
DA:272,3
DA:276,0
DA:280,3
DA:284,0
DA:288,1
DA:289,0
DA:291,1
DA:292,1
DA:293,1
DA:294,1
DA:296,1
DA:300,4
DA:301,4
DA:302,4
DA:306,2
DA:307,2
DA:311,1
DA:312,1
DA:317,1
DA:337,0
DA:341,0
DA:346,2
DA:348,2
DA:352,0
DA:357,2
DA:358,0
DA:363,2
DA:365,2
DA:371,2
DA:372,0
DA:377,2
DA:378,0
DA:383,2
DA:385,2
DA:391,2
DA:392,0
DA:397,2
DA:398,0
DA:401,2
DA:403,2
DA:408,0
DA:409,0
DA:413,0
DA:414,0
DA:419,2
DA:488,1
LF:96
LH:68
BRDA:96,0,0,0
BRDA:96,0,1,2
BRDA:102,1,0,0
BRDA:102,1,1,2
BRDA:108,2,0,0
BRDA:108,2,1,2
BRDA:109,3,0,2
BRDA:109,3,1,2
BRDA:117,4,0,0
BRDA:117,4,1,2
BRDA:125,5,0,0
BRDA:125,5,1,2
BRDA:133,6,0,0
BRDA:133,6,1,2
BRDA:150,7,0,0
BRDA:150,7,1,4
BRDA:160,8,0,2
BRDA:160,8,1,2
BRDA:160,8,2,0
BRDA:245,9,0,0
BRDA:245,9,1,0
BRDA:256,10,0,2
BRDA:256,10,1,1
BRDA:256,10,2,1
BRDA:272,11,0,3
BRDA:272,11,1,0
BRDA:287,12,0,0
BRDA:288,13,0,0
BRDA:288,13,1,1
BRDA:295,14,0,1
BRDA:295,14,1,0
BRDA:301,15,0,4
BRDA:301,15,1,0
BRDA:321,16,0,1
BRDA:321,16,1,0
BRDA:325,17,0,1
BRDA:325,17,1,0
BRDA:348,18,0,0
BRDA:348,18,1,2
BRDA:349,19,0,2
BRDA:349,19,1,2
BRDA:357,20,0,0
BRDA:357,20,1,2
BRDA:371,21,0,0
BRDA:371,21,1,2
BRDA:377,22,0,0
BRDA:377,22,1,2
BRDA:391,23,0,0
BRDA:391,23,1,2
BRDA:397,24,0,0
BRDA:397,24,1,2
BRDA:412,25,0,0
BRDA:431,26,0,2
BRDA:431,26,1,0
BRDA:453,27,0,1
BRDA:453,27,1,1
BRDA:460,28,0,1
BRDA:460,28,1,0
BRF:58
BRH:32
end_of_record
TN:
SF:src\runtime\context\operationContext.js
FN:42,attachQueryInterface
FN:46,(anonymous_1)
FN:52,(anonymous_2)
FN:58,(anonymous_3)
FN:66,(anonymous_4)
FN:74,(anonymous_5)
FN:82,(anonymous_6)
FN:107,createOperationContext
FNF:8
FNH:2
FNDA:2,attachQueryInterface
FNDA:0,(anonymous_1)
FNDA:0,(anonymous_2)
FNDA:0,(anonymous_3)
FNDA:0,(anonymous_4)
FNDA:0,(anonymous_5)
FNDA:0,(anonymous_6)
FNDA:2,createOperationContext
DA:1,1
DA:23,1
DA:44,2
DA:48,0
DA:54,0
DA:60,0
DA:68,0
DA:76,0
DA:84,0
DA:119,2
DA:133,2
DA:135,2
DA:139,1
LF:13
LH:7
BRDA:113,0,0,2
BRDA:115,1,0,2
BRF:2
BRH:2
end_of_record
TN:
SF:src\runtime\infrastructure\dependencies.js
FNF:0
FNH:0
DA:1,1
DA:11,1
LF:2
LH:2
BRF:0
BRH:0
end_of_record
TN:
SF:src\runtime\infrastructure\infrastructureBoundary.js
FN:13,getOperationId
FN:17,buildRuntimeLogContext
FN:28,executeInfrastructureOperation
FN:84,(anonymous_3)
FNF:4
FNH:4
FNDA:8,getOperationId
FNDA:6,buildRuntimeLogContext
FNDA:2,executeInfrastructureOperation
FNDA:2,(anonymous_3)
DA:1,1
DA:2,1
DA:3,1
DA:9,1
DA:10,1
DA:11,1
DA:14,8
DA:18,6
DA:38,2
DA:39,0
DA:44,2
DA:45,0
DA:50,2
DA:51,0
DA:62,2
DA:70,2
DA:71,2
DA:73,2
DA:78,2
DA:80,2
DA:85,2
DA:91,2
DA:103,1
DA:105,1
DA:111,1
DA:117,1
DA:125,1
DA:135,1
DA:136,0
DA:144,1
DA:146,1
DA:148,1
DA:150,1
DA:157,1
DA:163,1
DA:169,1
DA:185,1
DA:191,1
LF:38
LH:34
BRDA:14,0,0,8
BRDA:14,0,1,0
BRDA:17,1,0,2
BRDA:38,2,0,0
BRDA:38,2,1,2
BRDA:44,3,0,0
BRDA:44,3,1,2
BRDA:50,4,0,0
BRDA:50,4,1,2
BRDA:103,5,0,1
BRDA:103,5,1,0
BRDA:135,6,0,0
BRDA:135,6,1,1
BRDA:146,7,0,1
BRDA:146,7,1,0
BRDA:148,8,0,1
BRDA:148,8,1,0
BRDA:175,9,0,1
BRDA:175,9,1,0
BRF:19
BRH:10
end_of_record
TN:
SF:src\runtime\metadata\runtimeMetadata.js
FN:1,attachQueryInterface
FN:9,(anonymous_1)
FN:24,(anonymous_2)
FN:36,(anonymous_3)
FN:48,(anonymous_4)
FN:60,(anonymous_5)
FN:76,(anonymous_6)
FN:94,createRuntimeMetadata
FNF:8
FNH:2
FNDA:2,attachQueryInterface
FNDA:0,(anonymous_1)
FNDA:0,(anonymous_2)
FNDA:0,(anonymous_3)
FNDA:0,(anonymous_4)
FNDA:0,(anonymous_5)
FNDA:0,(anonymous_6)
FNDA:2,createRuntimeMetadata
DA:3,2
DA:11,0
DA:26,0
DA:38,0
DA:50,0
DA:62,0
DA:78,0
DA:80,0
DA:84,0
DA:96,2
DA:102,2
DA:104,2
DA:108,1
LF:13
LH:5
BRDA:76,0,0,0
BRDA:94,1,0,2
BRF:2
BRH:1
end_of_record
TN:
SF:src\runtime\observability\reliabilityMetrics.js
FNF:0
FNH:0
DA:1,1
DA:2,1
DA:4,1
DA:10,1
DA:17,1
DA:24,1
DA:31,1
DA:39,1
LF:8
LH:8
BRF:0
BRH:0
end_of_record
TN:
SF:src\runtime\reliability\failureClassifier.js
FN:20,classifyFailure
FNF:1
FNH:1
FNDA:3,classifyFailure
DA:1,1
DA:10,1
DA:21,3
DA:22,3
DA:24,3
DA:25,1
DA:32,2
DA:33,2
DA:40,0
DA:41,0
DA:48,0
DA:49,0
DA:56,0
DA:57,0
DA:64,0
DA:71,1
LF:16
LH:9
BRDA:20,0,0,0
BRDA:21,1,0,3
BRDA:21,1,1,3
BRDA:24,2,0,1
BRDA:24,2,1,2
BRDA:24,3,0,3
BRDA:24,3,1,2
BRDA:32,4,0,2
BRDA:32,4,1,0
BRDA:40,5,0,0
BRDA:40,5,1,0
BRDA:48,6,0,0
BRDA:48,6,1,0
BRDA:56,7,0,0
BRDA:56,7,1,0
BRDA:56,8,0,0
BRDA:56,8,1,0
BRF:17
BRH:7
end_of_record
TN:
SF:src\runtime\reliability\reliabilityPolicy.js
FN:1,createReliabilityPolicy
FNF:1
FNH:1
FNDA:2,createReliabilityPolicy
DA:19,2
DA:20,0
DA:25,2
DA:26,0
DA:31,2
DA:57,2
DA:61,1
LF:7
LH:5
BRDA:7,0,0,0
BRDA:9,1,0,0
BRDA:11,2,0,0
BRDA:13,3,0,0
BRDA:15,4,0,2
BRDA:19,5,0,0
BRDA:19,5,1,2
BRDA:25,6,0,0
BRDA:25,6,1,2
BRF:9
BRH:3
end_of_record
TN:
SF:src\runtime\reliability\retryExecutor.js
FN:4,wait
FN:5,(anonymous_1)
FN:10,calculateBackoffMs
FN:14,runWithTimeout
FN:21,(anonymous_4)
FN:22,(anonymous_5)
FN:42,executeWithReliability
FN:62,(anonymous_7)
FNF:8
FNH:8
FNDA:2,wait
FNDA:2,(anonymous_1)
FNDA:2,calculateBackoffMs
FNDA:4,runWithTimeout
FNDA:4,(anonymous_4)
FNDA:1,(anonymous_5)
FNDA:2,executeWithReliability
FNDA:4,(anonymous_7)
DA:1,1
DA:2,1
DA:5,2
DA:6,2
DA:11,2
DA:15,4
DA:16,0
DA:21,4
DA:22,4
DA:23,1
DA:32,4
DA:33,4
DA:38,4
DA:48,2
DA:49,2
DA:52,2
DA:56,2
DA:57,4
DA:58,4
DA:60,4
DA:61,4
DA:62,4
DA:75,1
DA:76,1
DA:79,1
DA:85,3
DA:86,3
DA:91,3
DA:95,3
DA:96,1
DA:99,2
DA:101,2
DA:102,2
DA:110,2
DA:114,1
DA:119,1
DA:122,1
LF:37
LH:36
BRDA:15,0,0,0
BRDA:15,0,1,4
BRDA:49,1,0,1
BRDA:49,1,1,1
BRDA:75,2,0,1
BRDA:75,2,1,0
BRDA:91,3,0,3
BRDA:91,3,1,2
BRDA:91,3,2,2
BRDA:95,4,0,1
BRDA:95,4,1,2
BRDA:101,5,0,2
BRDA:101,5,1,0
BRF:13
BRH:10
end_of_record
TN:
SF:src\runtime\reliability\runtimeErrors.js
FN:2,(anonymous_0)
FNF:1
FNH:1
FNDA:1,(anonymous_0)
DA:3,1
DA:4,1
DA:5,1
DA:6,1
DA:7,1
DA:8,1
DA:12,1
LF:7
LH:7
BRDA:2,0,0,0
BRDA:6,1,0,1
BRDA:6,1,1,0
BRDA:7,2,0,1
BRDA:7,2,1,0
BRDA:8,3,0,1
BRDA:8,3,1,0
BRF:7
BRH:3
end_of_record
