{"total": {"lines":{"total":155,"covered":136,"skipped":0,"pct":87.74},"statements":{"total":156,"covered":136,"skipped":0,"pct":87.17},"functions":{"total":15,"covered":10,"skipped":0,"pct":66.66},"branches":{"total":51,"covered":28,"skipped":0,"pct":54.9},"branchesTrue":{"total":0,"covered":0,"skipped":0,"pct":100}}
,"E:\\mini-write\\worker\\src\\observability\\businessMetrics.js": {"lines":{"total":8,"covered":8,"skipped":0,"pct":100},"functions":{"total":0,"covered":0,"skipped":0,"pct":100},"statements":{"total":8,"covered":8,"skipped":0,"pct":100},"branches":{"total":0,"covered":0,"skipped":0,"pct":100}}
,"E:\\mini-write\\worker\\src\\observability\\events.js": {"lines":{"total":2,"covered":2,"skipped":0,"pct":100},"functions":{"total":0,"covered":0,"skipped":0,"pct":100},"statements":{"total":2,"covered":2,"skipped":0,"pct":100},"branches":{"total":0,"covered":0,"skipped":0,"pct":100}}
,"E:\\mini-write\\worker\\src\\observability\\labels.js": {"lines":{"total":1,"covered":1,"skipped":0,"pct":100},"functions":{"total":0,"covered":0,"skipped":0,"pct":100},"statements":{"total":1,"covered":1,"skipped":0,"pct":100},"branches":{"total":4,"covered":3,"skipped":0,"pct":75}}
,"E:\\mini-write\\worker\\src\\observability\\logContext.js": {"lines":{"total":5,"covered":3,"skipped":0,"pct":60},"functions":{"total":4,"covered":2,"skipped":0,"pct":50},"statements":{"total":5,"covered":3,"skipped":0,"pct":60},"branches":{"total":19,"covered":7,"skipped":0,"pct":36.84}}
,"E:\\mini-write\\worker\\src\\observability\\logger.js": {"lines":{"total":8,"covered":7,"skipped":0,"pct":87.5},"functions":{"total":4,"covered":3,"skipped":0,"pct":75},"statements":{"total":8,"covered":7,"skipped":0,"pct":87.5},"branches":{"total":2,"covered":1,"skipped":0,"pct":50}}
,"E:\\mini-write\\worker\\src\\observability\\metrics.js": {"lines":{"total":19,"covered":19,"skipped":0,"pct":100},"functions":{"total":0,"covered":0,"skipped":0,"pct":100},"statements":{"total":19,"covered":19,"skipped":0,"pct":100},"branches":{"total":0,"covered":0,"skipped":0,"pct":100}}
,"E:\\mini-write\\worker\\src\\observability\\registry.js": {"lines":{"total":6,"covered":6,"skipped":0,"pct":100},"functions":{"total":0,"covered":0,"skipped":0,"pct":100},"statements":{"total":6,"covered":6,"skipped":0,"pct":100},"branches":{"total":0,"covered":0,"skipped":0,"pct":100}}
,"E:\\mini-write\\worker\\src\\processors\\imageProcessor.js": {"lines":{"total":81,"covered":69,"skipped":0,"pct":85.18},"functions":{"total":1,"covered":1,"skipped":0,"pct":100},"statements":{"total":82,"covered":69,"skipped":0,"pct":84.14},"branches":{"total":14,"covered":11,"skipped":0,"pct":78.57}}
,"E:\\mini-write\\worker\\src\\storage\\index.js": {"lines":{"total":7,"covered":6,"skipped":0,"pct":85.71},"functions":{"total":0,"covered":0,"skipped":0,"pct":100},"statements":{"total":7,"covered":6,"skipped":0,"pct":85.71},"branches":{"total":4,"covered":2,"skipped":0,"pct":50}}
,"E:\\mini-write\\worker\\src\\storage\\storageService.js": {"lines":{"total":10,"covered":9,"skipped":0,"pct":90},"functions":{"total":3,"covered":2,"skipped":0,"pct":66.66},"statements":{"total":10,"covered":9,"skipped":0,"pct":90},"branches":{"total":4,"covered":2,"skipped":0,"pct":50}}
,"E:\\mini-write\\worker\\src\\storage\\providers\\minio.js": {"lines":{"total":8,"covered":6,"skipped":0,"pct":75},"functions":{"total":3,"covered":2,"skipped":0,"pct":66.66},"statements":{"total":8,"covered":6,"skipped":0,"pct":75},"branches":{"total":4,"covered":2,"skipped":0,"pct":50}}
}
